2023-07-31 09:27:20.575  INFO 8888 --- [main] c.c.ricktrader.RicktraderApplication     : Starting RicktraderApplication on EVERTON-PC with PID 8888 (C:\RickTraderApi\ricktraderapi.jar started by admin in C:\Users\admin\Documents\Eclipse\frontEnd\configRicktrader)
2023-07-31 09:27:20.694  INFO 8888 --- [main] c.c.ricktrader.RicktraderApplication     : No active profile set, falling back to default profiles: default
2023-07-31 09:27:32.366  INFO 8888 --- [main] .s.d.r.c.RepositoryConfigurationDelegate : Bootstrapping Spring Data repositories in DEFAULT mode.
2023-07-31 09:27:33.148  INFO 8888 --- [main] .s.d.r.c.RepositoryConfigurationDelegate : Finished Spring Data repository scanning in 521ms. Found 2 repository interfaces.
2023-07-31 09:27:35.153  INFO 8888 --- [main] trationDelegate$BeanPostProcessorChecker : Bean 'org.springframework.transaction.annotation.ProxyTransactionManagementConfiguration' of type [org.springframework.transaction.annotation.ProxyTransactionManagementConfiguration$$EnhancerBySpringCGLIB$$c48e1d03] is not eligible for getting processed by all BeanPostProcessors (for example: not eligible for auto-proxying)
2023-07-31 09:27:39.786  INFO 8888 --- [main] o.s.b.w.embedded.tomcat.TomcatWebServer  : Tomcat initialized with port(s): 8080 (http)
2023-07-31 09:27:40.058  INFO 8888 --- [main] o.apache.catalina.core.StandardService   : Starting service [Tomcat]
2023-07-31 09:27:40.060  INFO 8888 --- [main] org.apache.catalina.core.StandardEngine  : Starting Servlet Engine: Apache Tomcat/9.0.13
2023-07-31 09:27:40.153  INFO 8888 --- [main] o.a.catalina.core.AprLifecycleListener   : The APR based Apache Tomcat Native library which allows optimal performance in production environments was not found on the java.library.path: [C:\Program Files\Java\jdk-17.0.7\bin;C:\WINDOWS\Sun\Java\bin;C:\WINDOWS\system32;C:\WINDOWS;C:/Program Files/Java/jdk-17.0.7/bin/server;C:/Program Files/Java/jdk-17.0.7/bin;C:\Program Files\Common Files\Oracle\Java\javapath;C:\Program Files (x86)\Embarcadero\Studio\21.0\bin;C:\Users\Public\Documents\Embarcadero\Studio\21.0\Bpl;C:\Program Files (x86)\Embarcadero\Studio\21.0\bin64;C:\Users\Public\Documents\Embarcadero\Studio\21.0\Bpl\Win64;C:\Program Files (x86)\Common Files\Oracle\Java\javapath;C:\Python310\Scripts\;C:\Python310\;C:\WINDOWS\system32;C:\WINDOWS;C:\WINDOWS\System32\Wbem;C:\WINDOWS\System32\WindowsPowerShell\v1.0\;C:\WINDOWS\System32\OpenSSH\;C:\ProgramData\chocolatey\bin;C:\Program Files\OpenJDK\openjdk-11.0.15_10\bin;C:\Program Files (x86)\Yarn\bin\;C:\Program Files\Git\cmd;C:\Users\admin\AppData\Local\Android\Sdk;C:\Program Files\OpenJDK\openjdk-11.0.15_10;C:\Users\admin\AppData\Local\Yarn\Data\global\node_modules\.bin;C:\Program Files\nodejs\;C:\Program Files\dotnet\;C:\EclipsePrograms\eclipse\jdk1.7.0_80;C:\Program Files\TortoiseGit\bin;C:\Program Files\Maven\apache-maven-3.9.3\bin;C:\Program Files\Java\jdk-17\bin;C:\Users\admin\AppData\Local\Microsoft\WindowsApps;C:\Users\admin\AppData\Local\Programs\Microsoft VS Code\bin;C:\Users\admin\AppData\Local\Yarn\bin;C:\Program Files\OpenJDK\openjdk-11.0.15_10;C:\Program Files\Android\Android Studio\jre;C:\Users\admin\AppData\Local\Android\Sdk;C:\Program Files (x86)\Java\jre1.8.0_321;C:\Users\admin\AppData\Local\Android\Sdk\platform-tools;C:\Users\admin\AppData\Local\Android\Sdk\tools;C:\Users\admin\AppData\Local\GitHubDesktop\bin;C:\EclipsePrograms\eclipse\jdk1.7.0_80;C:\Program Files\OpenJDK\openjdk-11.0.15_10;C:\Users\admin\AppData\Local\Yarn\Data\global\node_modules\.bin;C:\Users\admin\AppData\Roaming\npm;C:\Users\admin\.dotnet\tools;C:\EclipsePrograms\eclipse\jdk1.7.0_80;C:\EclipsePrograms\jdk-17_windows-x64_bin;;C:\Users\admin\Desktop;;.]
2023-07-31 09:27:40.865  INFO 8888 --- [main] o.a.c.c.C.[.[.[/ricktrader/api]          : Initializing Spring embedded WebApplicationContext
2023-07-31 09:27:40.870  INFO 8888 --- [main] o.s.web.context.ContextLoader            : Root WebApplicationContext: initialization completed in 19746 ms
2023-07-31 09:27:42.452  INFO 8888 --- [main] com.zaxxer.hikari.HikariDataSource       : HikariPool-1 - Starting...
2023-07-31 09:27:44.000  INFO 8888 --- [main] com.zaxxer.hikari.HikariDataSource       : HikariPool-1 - Start completed.
2023-07-31 09:27:59.879  INFO 8888 --- [main] j.LocalContainerEntityManagerFactoryBean : Initialized JPA EntityManagerFactory for persistence unit 'default'
2023-07-31 09:28:02.363  INFO 8888 --- [main] o.s.s.concurrent.ThreadPoolTaskExecutor  : Initializing ExecutorService 'applicationTaskExecutor'
2023-07-31 09:28:02.617  WARN 8888 --- [main] aWebConfiguration$JpaWebMvcConfiguration : spring.jpa.open-in-view is enabled by default. Therefore, database queries may be performed during view rendering. Explicitly configure spring.jpa.open-in-view to disable this warning
2023-07-31 09:28:04.626  INFO 8888 --- [main] o.s.b.w.embedded.tomcat.TomcatWebServer  : Tomcat started on port(s): 8080 (http) with context path '/ricktrader/api'
2023-07-31 09:28:04.634  INFO 8888 --- [main] c.c.ricktrader.RicktraderApplication     : Started RicktraderApplication in 46.855 seconds (JVM running for 48.998)
2023-07-31 09:29:58.024  INFO 7128 --- [main] c.c.ricktrader.RicktraderApplication     : Starting RicktraderApplication on EVERTON-PC with PID 7128 (C:\RickTraderApi\ricktraderapi.jar started by admin in C:\Users\admin\Documents\Eclipse\frontEnd\configRicktrader)
2023-07-31 09:29:58.037  INFO 7128 --- [main] c.c.ricktrader.RicktraderApplication     : No active profile set, falling back to default profiles: default
2023-07-31 09:30:00.349  INFO 7128 --- [main] .s.d.r.c.RepositoryConfigurationDelegate : Bootstrapping Spring Data repositories in DEFAULT mode.
2023-07-31 09:30:00.538  INFO 7128 --- [main] .s.d.r.c.RepositoryConfigurationDelegate : Finished Spring Data repository scanning in 169ms. Found 2 repository interfaces.
2023-07-31 09:30:01.637  INFO 7128 --- [main] trationDelegate$BeanPostProcessorChecker : Bean 'org.springframework.transaction.annotation.ProxyTransactionManagementConfiguration' of type [org.springframework.transaction.annotation.ProxyTransactionManagementConfiguration$$EnhancerBySpringCGLIB$$ad53637a] is not eligible for getting processed by all BeanPostProcessors (for example: not eligible for auto-proxying)
2023-07-31 09:30:03.153  INFO 7128 --- [main] o.s.b.w.embedded.tomcat.TomcatWebServer  : Tomcat initialized with port(s): 8080 (http)
2023-07-31 09:30:03.254  INFO 7128 --- [main] o.apache.catalina.core.StandardService   : Starting service [Tomcat]
2023-07-31 09:30:03.297  INFO 7128 --- [main] org.apache.catalina.core.StandardEngine  : Starting Servlet Engine: Apache Tomcat/9.0.13
2023-07-31 09:30:03.348  INFO 7128 --- [main] o.a.catalina.core.AprLifecycleListener   : The APR based Apache Tomcat Native library which allows optimal performance in production environments was not found on the java.library.path: [C:\Program Files\Java\jdk-17.0.7\bin;C:\WINDOWS\Sun\Java\bin;C:\WINDOWS\system32;C:\WINDOWS;C:/Program Files/Java/jdk-17.0.7/bin/server;C:/Program Files/Java/jdk-17.0.7/bin;C:\Program Files\Common Files\Oracle\Java\javapath;C:\Program Files (x86)\Embarcadero\Studio\21.0\bin;C:\Users\Public\Documents\Embarcadero\Studio\21.0\Bpl;C:\Program Files (x86)\Embarcadero\Studio\21.0\bin64;C:\Users\Public\Documents\Embarcadero\Studio\21.0\Bpl\Win64;C:\Program Files (x86)\Common Files\Oracle\Java\javapath;C:\Python310\Scripts\;C:\Python310\;C:\WINDOWS\system32;C:\WINDOWS;C:\WINDOWS\System32\Wbem;C:\WINDOWS\System32\WindowsPowerShell\v1.0\;C:\WINDOWS\System32\OpenSSH\;C:\ProgramData\chocolatey\bin;C:\Program Files\OpenJDK\openjdk-11.0.15_10\bin;C:\Program Files (x86)\Yarn\bin\;C:\Program Files\Git\cmd;C:\Users\admin\AppData\Local\Android\Sdk;C:\Program Files\OpenJDK\openjdk-11.0.15_10;C:\Users\admin\AppData\Local\Yarn\Data\global\node_modules\.bin;C:\Program Files\nodejs\;C:\Program Files\dotnet\;C:\EclipsePrograms\eclipse\jdk1.7.0_80;C:\Program Files\TortoiseGit\bin;C:\Program Files\Maven\apache-maven-3.9.3\bin;C:\Program Files\Java\jdk-17\bin;C:\Users\admin\AppData\Local\Microsoft\WindowsApps;C:\Users\admin\AppData\Local\Programs\Microsoft VS Code\bin;C:\Users\admin\AppData\Local\Yarn\bin;C:\Program Files\OpenJDK\openjdk-11.0.15_10;C:\Program Files\Android\Android Studio\jre;C:\Users\admin\AppData\Local\Android\Sdk;C:\Program Files (x86)\Java\jre1.8.0_321;C:\Users\admin\AppData\Local\Android\Sdk\platform-tools;C:\Users\admin\AppData\Local\Android\Sdk\tools;C:\Users\admin\AppData\Local\GitHubDesktop\bin;C:\EclipsePrograms\eclipse\jdk1.7.0_80;C:\Program Files\OpenJDK\openjdk-11.0.15_10;C:\Users\admin\AppData\Local\Yarn\Data\global\node_modules\.bin;C:\Users\admin\AppData\Roaming\npm;C:\Users\admin\.dotnet\tools;C:\EclipsePrograms\eclipse\jdk1.7.0_80;C:\EclipsePrograms\jdk-17_windows-x64_bin;;C:\Users\admin\Desktop;;.]
2023-07-31 09:30:03.673  INFO 7128 --- [main] o.a.c.c.C.[.[.[/ricktrader/api]          : Initializing Spring embedded WebApplicationContext
2023-07-31 09:30:03.676  INFO 7128 --- [main] o.s.web.context.ContextLoader            : Root WebApplicationContext: initialization completed in 5490 ms
2023-07-31 09:30:04.094  INFO 7128 --- [main] com.zaxxer.hikari.HikariDataSource       : HikariPool-1 - Starting...
2023-07-31 09:30:04.483  INFO 7128 --- [main] com.zaxxer.hikari.HikariDataSource       : HikariPool-1 - Start completed.
2023-07-31 09:30:07.070  INFO 7128 --- [main] j.LocalContainerEntityManagerFactoryBean : Initialized JPA EntityManagerFactory for persistence unit 'default'
2023-07-31 09:30:08.825  INFO 7128 --- [main] o.s.s.concurrent.ThreadPoolTaskExecutor  : Initializing ExecutorService 'applicationTaskExecutor'
2023-07-31 09:30:08.946  WARN 7128 --- [main] aWebConfiguration$JpaWebMvcConfiguration : spring.jpa.open-in-view is enabled by default. Therefore, database queries may be performed during view rendering. Explicitly configure spring.jpa.open-in-view to disable this warning
2023-07-31 09:30:09.887  INFO 7128 --- [main] o.s.b.w.embedded.tomcat.TomcatWebServer  : Tomcat started on port(s): 8080 (http) with context path '/ricktrader/api'
2023-07-31 09:30:09.895  INFO 7128 --- [main] c.c.ricktrader.RicktraderApplication     : Started RicktraderApplication in 13.639 seconds (JVM running for 14.938)
2023-07-31 10:38:35.325  INFO 8348 --- [main] c.c.ricktrader.RicktraderApplication     : Starting RicktraderApplication on EVERTON-PC with PID 8348 (C:\RickTraderApi\ricktraderapi.jar started by admin in C:\Users\admin\Documents\Eclipse\frontEnd\configRicktrader)
2023-07-31 10:38:35.334  INFO 8348 --- [main] c.c.ricktrader.RicktraderApplication     : No active profile set, falling back to default profiles: default
2023-07-31 10:38:37.721  INFO 8348 --- [main] .s.d.r.c.RepositoryConfigurationDelegate : Bootstrapping Spring Data repositories in DEFAULT mode.
2023-07-31 10:38:37.944  INFO 8348 --- [main] .s.d.r.c.RepositoryConfigurationDelegate : Finished Spring Data repository scanning in 191ms. Found 2 repository interfaces.
2023-07-31 10:38:39.508  INFO 8348 --- [main] trationDelegate$BeanPostProcessorChecker : Bean 'org.springframework.transaction.annotation.ProxyTransactionManagementConfiguration' of type [org.springframework.transaction.annotation.ProxyTransactionManagementConfiguration$$EnhancerBySpringCGLIB$$c897781e] is not eligible for getting processed by all BeanPostProcessors (for example: not eligible for auto-proxying)
2023-07-31 10:38:40.988  INFO 8348 --- [main] o.s.b.w.embedded.tomcat.TomcatWebServer  : Tomcat initialized with port(s): 8080 (http)
2023-07-31 10:38:41.085  INFO 8348 --- [main] o.apache.catalina.core.StandardService   : Starting service [Tomcat]
2023-07-31 10:38:41.094  INFO 8348 --- [main] org.apache.catalina.core.StandardEngine  : Starting Servlet Engine: Apache Tomcat/9.0.13
2023-07-31 10:38:41.148  INFO 8348 --- [main] o.a.catalina.core.AprLifecycleListener   : The APR based Apache Tomcat Native library which allows optimal performance in production environments was not found on the java.library.path: [C:\Program Files\Java\jdk-17.0.7\bin;C:\WINDOWS\Sun\Java\bin;C:\WINDOWS\system32;C:\WINDOWS;C:/Program Files/Java/jdk-17.0.7/bin/server;C:/Program Files/Java/jdk-17.0.7/bin;C:\Program Files\Common Files\Oracle\Java\javapath;C:\Program Files (x86)\Embarcadero\Studio\21.0\bin;C:\Users\Public\Documents\Embarcadero\Studio\21.0\Bpl;C:\Program Files (x86)\Embarcadero\Studio\21.0\bin64;C:\Users\Public\Documents\Embarcadero\Studio\21.0\Bpl\Win64;C:\Program Files (x86)\Common Files\Oracle\Java\javapath;C:\Python310\Scripts\;C:\Python310\;C:\WINDOWS\system32;C:\WINDOWS;C:\WINDOWS\System32\Wbem;C:\WINDOWS\System32\WindowsPowerShell\v1.0\;C:\WINDOWS\System32\OpenSSH\;C:\ProgramData\chocolatey\bin;C:\Program Files\OpenJDK\openjdk-11.0.15_10\bin;C:\Program Files (x86)\Yarn\bin\;C:\Program Files\Git\cmd;C:\Users\admin\AppData\Local\Android\Sdk;C:\Program Files\OpenJDK\openjdk-11.0.15_10;C:\Users\admin\AppData\Local\Yarn\Data\global\node_modules\.bin;C:\Program Files\nodejs\;C:\Program Files\dotnet\;C:\EclipsePrograms\eclipse\jdk1.7.0_80;C:\Program Files\TortoiseGit\bin;C:\Program Files\Maven\apache-maven-3.9.3\bin;C:\Program Files\Java\jdk-17\bin;C:\Users\admin\AppData\Local\Microsoft\WindowsApps;C:\Users\admin\AppData\Local\Programs\Microsoft VS Code\bin;C:\Users\admin\AppData\Local\Yarn\bin;C:\Program Files\OpenJDK\openjdk-11.0.15_10;C:\Program Files\Android\Android Studio\jre;C:\Users\admin\AppData\Local\Android\Sdk;C:\Program Files (x86)\Java\jre1.8.0_321;C:\Users\admin\AppData\Local\Android\Sdk\platform-tools;C:\Users\admin\AppData\Local\Android\Sdk\tools;C:\Users\admin\AppData\Local\GitHubDesktop\bin;C:\EclipsePrograms\eclipse\jdk1.7.0_80;C:\Program Files\OpenJDK\openjdk-11.0.15_10;C:\Users\admin\AppData\Local\Yarn\Data\global\node_modules\.bin;C:\Users\admin\AppData\Roaming\npm;C:\Users\admin\.dotnet\tools;C:\EclipsePrograms\eclipse\jdk1.7.0_80;C:\EclipsePrograms\jdk-17_windows-x64_bin;;C:\Users\admin\Desktop;;.]
2023-07-31 10:38:41.375  INFO 8348 --- [main] o.a.c.c.C.[.[.[/ricktrader/api]          : Initializing Spring embedded WebApplicationContext
2023-07-31 10:38:41.491  INFO 8348 --- [main] o.s.web.context.ContextLoader            : Root WebApplicationContext: initialization completed in 5927 ms
2023-07-31 10:38:41.981  INFO 8348 --- [main] com.zaxxer.hikari.HikariDataSource       : HikariPool-1 - Starting...
2023-07-31 10:38:42.263  INFO 8348 --- [main] com.zaxxer.hikari.HikariDataSource       : HikariPool-1 - Start completed.
2023-07-31 10:38:44.477  INFO 8348 --- [main] j.LocalContainerEntityManagerFactoryBean : Initialized JPA EntityManagerFactory for persistence unit 'default'
2023-07-31 10:38:46.200  INFO 8348 --- [main] o.s.s.concurrent.ThreadPoolTaskExecutor  : Initializing ExecutorService 'applicationTaskExecutor'
2023-07-31 10:38:46.342  WARN 8348 --- [main] aWebConfiguration$JpaWebMvcConfiguration : spring.jpa.open-in-view is enabled by default. Therefore, database queries may be performed during view rendering. Explicitly configure spring.jpa.open-in-view to disable this warning
2023-07-31 10:38:47.324  INFO 8348 --- [main] o.s.b.w.embedded.tomcat.TomcatWebServer  : Tomcat started on port(s): 8080 (http) with context path '/ricktrader/api'
2023-07-31 10:38:47.331  INFO 8348 --- [main] c.c.ricktrader.RicktraderApplication     : Started RicktraderApplication in 13.753 seconds (JVM running for 15.226)
